Build started 22.10.2017 23:19:35.
     1>Project "D:\lua534\lua534\lua534\lua534.vcxproj" on node 2 (build target(s)).
     1>InitializeBuildStatus:
         Creating "Release\lua534.unsuccessfulbuild" because "AlwaysCreate" was specified.
       ClCompile:
         C:\Program Files (x86)\Microsoft Visual Studio 10.0\VC\bin\CL.exe /c /ID:\lua534\src\ /Zi /nologo /W3 /WX- /O2 /Oi /Oy- /GL /D LUA_BUILD_AS_DLL /D _WINDLL /D _MBCS /Gm- /EHsc /MD /GS /Gy /fp:precise /Zc:wchar_t /Zc:forScope /Fo"Release\\" /Fd"Release\vc100.pdb" /Gd /TP /analyze- /errorReport:prompt ..\..\src\liolib.cpp
         liolib.cpp
       Link:
         C:\Program Files (x86)\Microsoft Visual Studio 10.0\VC\bin\link.exe /ERRORREPORT:PROMPT /OUT:"D:\lua534\lua534\Release\lua534.dll" /NOLOGO kernel32.lib user32.lib gdi32.lib winspool.lib comdlg32.lib advapi32.lib shell32.lib ole32.lib oleaut32.lib uuid.lib odbc32.lib odbccp32.lib /MANIFEST /ManifestFile:"Release\lua534.dll.intermediate.manifest" /MANIFESTUAC:"level='asInvoker' uiAccess='false'" /DEBUG /PDB:"D:\lua534\lua534\Release\lua534.pdb" /OPT:REF /OPT:ICF /LTCG /TLBID:1 /DYNAMICBASE /NXCOMPAT /IMPLIB:"D:\lua534\lua534\Release\lua534.lib" /MACHINE:X86 /DLL Release\lapi.obj
         Release\lauxlib.obj
         Release\lbaselib.obj
         Release\lbitlib.obj
         Release\lcode.obj
         Release\lcorolib.obj
         Release\lctype.obj
         Release\ldblib.obj
         Release\ldebug.obj
         Release\ldo.obj
         Release\ldump.obj
         Release\lfunc.obj
         Release\lgc.obj
         Release\linit.obj
         Release\liolib.obj
         Release\llex.obj
         Release\lmathlib.obj
         Release\lmem.obj
         Release\loadlib.obj
         Release\lobject.obj
         Release\lopcodes.obj
         Release\loslib.obj
         Release\lparser.obj
         Release\lstate.obj
         Release\lstring.obj
         Release\lstrlib.obj
         Release\ltable.obj
         Release\ltablib.obj
         Release\ltm.obj
         Release\lundump.obj
         Release\lutf8lib.obj
         Release\lvm.obj
         Release\lzio.obj
            Создается библиотека D:\lua534\lua534\Release\lua534.lib и объект D:\lua534\lua534\Release\lua534.exp
         Создание кода
         Создание кода завершено
         lua534.vcxproj -> D:\lua534\lua534\Release\lua534.dll
       Manifest:
         C:\Program Files (x86)\Microsoft SDKs\Windows\v7.0A\bin\mt.exe /nologo /verbose /outputresource:"D:\lua534\lua534\Release\lua534.dll;#2" /manifest Release\lua534.dll.intermediate.manifest
       FinalizeBuildStatus:
         Deleting file "Release\lua534.unsuccessfulbuild".
         Touching "Release\lua534.lastbuildstate".
     1>Done Building Project "D:\lua534\lua534\lua534\lua534.vcxproj" (build target(s)).

Построение успешно завершено.

Time Elapsed 00:00:10.01
