D:\lua534\lua534\reimu\Release\cl.command.1.tlog
D:\lua534\lua534\reimu\Release\CL.read.1.tlog
D:\lua534\lua534\reimu\Release\CL.write.1.tlog
D:\LUA534\LUA534\REIMU\RELEASE\DBG.OBJ
D:\LUA534\LUA534\REIMU\RELEASE\FILE.OBJ
D:\LUA534\LUA534\REIMU\RELEASE\HTML.OBJ
D:\LUA534\LUA534\REIMU\RELEASE\LCURL.OBJ
D:\lua534\lua534\reimu\Release\link.command.1.tlog
D:\lua534\lua534\reimu\Release\link.read.1.tlog
D:\lua534\lua534\reimu\Release\link.write.1.tlog
D:\LUA534\LUA534\REIMU\RELEASE\MAIN.OBJ
D:\lua534\lua534\reimu\Release\mt.command.1.tlog
D:\lua534\lua534\reimu\Release\mt.read.1.tlog
D:\lua534\lua534\reimu\Release\mt.write.1.tlog
D:\LUA534\LUA534\REIMU\RELEASE\PLATFORM.OBJ
D:\LUA534\LUA534\REIMU\RELEASE\REIMU.EXE.INTERMEDIATE.MANIFEST
D:\lua534\lua534\reimu\Release\reimu.vcxprojResolveAssemblyReference.cache
D:\lua534\lua534\reimu\Release\reimu.write.1.tlog
D:\LUA534\LUA534\REIMU\RELEASE\TASK.OBJ
D:\LUA534\LUA534\REIMU\RELEASE\U8.OBJ
D:\LUA534\LUA534\REIMU\RELEASE\UTILS.OBJ
D:\LUA534\LUA534\REIMU\RELEASE\VC100.PDB
D:\LUA534\LUA534\RELEASE\REIMU.EXE
D:\lua534\lua534\Release\reimu.exp
D:\lua534\lua534\Release\reimu.lib
D:\LUA534\LUA534\RELEASE\REIMU.PDB
