Build started 08.10.2017 4:32:47.
     1>Project "D:\lua534\lua534\lcore\lcore.vcxproj" on node 2 (build target(s)).
     1>InitializeBuildStatus:
         Creating "Release\lcore.unsuccessfulbuild" because "AlwaysCreate" was specified.
       ClCompile:
         C:\Program Files (x86)\Microsoft Visual Studio 10.0\VC\bin\CL.exe /c /ID:\lua534\src\ /I"D:\htmlcxx-0.86" /Zi /nologo /W3 /WX- /O2 /Oi /Oy- /GL /D _MBCS /Gm- /EHsc /MD /GS /Gy /fp:precise /Zc:wchar_t /Zc:forScope /Fo"Release\\" /Fd"Release\vc100.pdb" /Gd /TP /analyze- /errorReport:prompt html.cpp main.cpp
         html.cpp
         main.cpp
       Link:
         C:\Program Files (x86)\Microsoft Visual Studio 10.0\VC\bin\link.exe /ERRORREPORT:PROMPT /OUT:"D:\lua534\lua534\Release\lcore.exe" /NOLOGO /LIBPATH:"D:\htmlcxx-0.86\Release" /LIBPATH:D:\lua534\lua534\Release liblua.lib htmlcxx.lib kernel32.lib user32.lib gdi32.lib winspool.lib comdlg32.lib advapi32.lib shell32.lib ole32.lib oleaut32.lib uuid.lib odbc32.lib odbccp32.lib /MANIFEST /ManifestFile:"Release\lcore.exe.intermediate.manifest" /MANIFESTUAC:"level='asInvoker' uiAccess='false'" /DEBUG /PDB:"D:\lua534\lua534\Release\lcore.pdb" /OPT:REF /OPT:ICF /LTCG /TLBID:1 /DYNAMICBASE /NXCOMPAT /IMPLIB:"D:\lua534\lua534\Release\lcore.lib" /MACHINE:X86 Release\html.obj
         Release\main.obj
         Release\utils.obj
            Создается библиотека D:\lua534\lua534\Release\lcore.lib и объект D:\lua534\lua534\Release\lcore.exp
         Создание кода
         Создание кода завершено
         lcore.vcxproj -> D:\lua534\lua534\Release\lcore.exe
       Manifest:
         C:\Program Files (x86)\Microsoft SDKs\Windows\v7.0A\bin\mt.exe /nologo /verbose /outputresource:"D:\lua534\lua534\Release\lcore.exe;#1" /manifest Release\lcore.exe.intermediate.manifest
       FinalizeBuildStatus:
         Deleting file "Release\lcore.unsuccessfulbuild".
         Touching "Release\lcore.lastbuildstate".
     1>Done Building Project "D:\lua534\lua534\lcore\lcore.vcxproj" (build target(s)).

Построение успешно завершено.

Time Elapsed 00:00:15.83
